#
# There is insufficient memory for the Java Runtime Environment to continue.
# Native memory allocation (malloc) failed to allocate 1048576 bytes for AllocateHeap
# Possible reasons:
#   The system is out of physical RAM or swap space
#   In 32 bit mode, the process size limit was hit
# Possible solutions:
#   Reduce memory load on the system
#   Increase physical memory or swap space
#   Check if swap backing store is full
#   Use 64 bit Java on a 64 bit OS
#   Decrease Java heap size (-Xmx/-Xms)
#   Decrease number of Java threads
#   Decrease Java thread stack sizes (-Xss)
#   Set larger code cache with -XX:ReservedCodeCacheSize=
# This output file may be truncated or incomplete.
#
#  Out of Memory Error (memory/allocation.inline.hpp:61), pid=69736, tid=75732
#
# JRE version:  (7.0_79-b15) (build )
# Java VM: Java HotSpot(TM) 64-Bit Server VM (24.79-b02 mixed mode windows-amd64 compressed oops)
# Failed to write core dump. Minidumps are not enabled by default on client versions of Windows
#

---------------  T H R E A D  ---------------

Current thread (0x0000000002171000):  JavaThread "Unknown thread" [_thread_in_vm, id=75732, stack(0x0000000002070000,0x0000000002170000)]

Stack: [0x0000000002070000,0x0000000002170000]

---------------  P R O C E S S  ---------------

Java Threads: ( => current thread )

Other Threads:

=>0x0000000002171000 (exited) JavaThread "Unknown thread" [_thread_in_vm, id=75732, stack(0x0000000002070000,0x0000000002170000)]

VM state:not at safepoint (normal execution)

VM Mutex/Monitor currently owned by a thread: None

Heap
 PSYoungGen      total 38400K, used 665K [0x00000000eaa80000, 0x00000000ed500000, 0x0000000100000000)
  eden space 33280K, 2% used [0x00000000eaa80000,0x00000000eab266b8,0x00000000ecb00000)
  from space 5120K, 0% used [0x00000000ed000000,0x00000000ed000000,0x00000000ed500000)
  to   space 5120K, 0% used [0x00000000ecb00000,0x00000000ecb00000,0x00000000ed000000)
 ParOldGen       total 86528K, used 0K [0x00000000c0000000, 0x00000000c5480000, 0x00000000eaa80000)
  object space 86528K, 0% used [0x00000000c0000000,0x00000000c0000000,0x00000000c5480000)
 PSPermGen       total 21504K, used 697K [0x00000000bae00000, 0x00000000bc300000, 0x00000000c0000000)
  object space 21504K, 3% used [0x00000000bae00000,0x00000000baeae588,0x00000000bc300000)

Card table byte_map: [0x0000000005330000,0x0000000005560000] byte_map_base: 0x0000000004d59000

Polling page: 0x0000000001fc0000

Code Cache  [0x0000000002270000, 0x00000000024e0000, 0x0000000005270000)
 total_blobs=38 nmethods=0 adapters=20 free_code_cache=48889Kb largest_free_block=50062528

Compilation events (0 events):
No events

GC Heap History (0 events):
No events

Deoptimization events (0 events):
No events

Internal exceptions (0 events):
No events

Events (10 events):
Event: 0.035 loading class 0x00000000021bf8e0
Event: 0.035 loading class 0x00000000021bf8e0 done
Event: 0.035 loading class 0x00000000021bf930
Event: 0.035 loading class 0x00000000021bf930 done
Event: 0.035 loading class 0x00000000021bf980
Event: 0.036 loading class 0x00000000021bf980 done
Event: 0.036 loading class 0x00000000021c0700
Event: 0.036 loading class 0x00000000021c0700 done
Event: 0.036 loading class 0x00000000021c0320
Event: 0.036 loading class 0x00000000021c0320 done


Dynamic libraries:
0x00007ff79a870000 - 0x00007ff79a8a3000 	C:\Program Files\Java\jdk1.7.0_79\bin\java.exe
0x00007ffebb9b0000 - 0x00007ffebbb71000 	C:\Windows\SYSTEM32\ntdll.dll
0x00007ffebb610000 - 0x00007ffebb6bd000 	C:\Windows\system32\KERNEL32.DLL
0x00007ffeb8a60000 - 0x00007ffeb8c48000 	C:\Windows\system32\KERNELBASE.dll
0x00007ffebb560000 - 0x00007ffebb607000 	C:\Windows\system32\ADVAPI32.dll
0x00007ffebb410000 - 0x00007ffebb4ad000 	C:\Windows\system32\msvcrt.dll
0x00007ffebb1a0000 - 0x00007ffebb1fb000 	C:\Windows\system32\sechost.dll
0x00007ffeb8db0000 - 0x00007ffeb8ecc000 	C:\Windows\system32\RPCRT4.dll
0x00007ffebb2b0000 - 0x00007ffebb406000 	C:\Windows\system32\USER32.dll
0x00007ffeb90e0000 - 0x00007ffeb9266000 	C:\Windows\system32\GDI32.dll
0x00007ffeb4ab0000 - 0x00007ffeb4d24000 	C:\Windows\WinSxS\amd64_microsoft.windows.common-controls_6595b64144ccf1df_6.0.10586.0_none_8c15ae12515e1c22\COMCTL32.dll
0x00007ffebb6d0000 - 0x00007ffebb94d000 	C:\Windows\system32\combase.dll
0x00007ffeb8120000 - 0x00007ffeb818a000 	C:\Windows\system32\bcryptPrimitives.dll
0x00007ffebb270000 - 0x00007ffebb2ab000 	C:\Windows\system32\IMM32.DLL
0x000000005ce70000 - 0x000000005cf42000 	C:\Program Files\Java\jdk1.7.0_79\jre\bin\msvcr100.dll
0x000000005d420000 - 0x000000005dbf5000 	C:\Program Files\Java\jdk1.7.0_79\jre\bin\server\jvm.dll
0x00007ffebb6c0000 - 0x00007ffebb6c8000 	C:\Windows\system32\PSAPI.DLL
0x00007ffeb5200000 - 0x00007ffeb5209000 	C:\Windows\SYSTEM32\WSOCK32.dll
0x00007ffebad10000 - 0x00007ffebad7b000 	C:\Windows\system32\WS2_32.dll
0x00007ffeb61c0000 - 0x00007ffeb61e3000 	C:\Windows\SYSTEM32\WINMM.dll
0x00007ffeb6160000 - 0x00007ffeb618c000 	C:\Windows\SYSTEM32\winmmbase.dll
0x00007ffeb8d00000 - 0x00007ffeb8d43000 	C:\Windows\system32\cfgmgr32.dll
0x000000005d330000 - 0x000000005d33f000 	C:\Program Files\Java\jdk1.7.0_79\jre\bin\verify.dll
0x000000005d300000 - 0x000000005d328000 	C:\Program Files\Java\jdk1.7.0_79\jre\bin\java.dll
0x000000005d2e0000 - 0x000000005d2f5000 	C:\Program Files\Java\jdk1.7.0_79\jre\bin\zip.dll

VM Arguments:
jvm_args: -Djava.awt.headless=true -Xmx1024M -Dfile.encoding=windows-1251 -Duser.country=RU -Duser.language=ru -Duser.variant 
java_command: com.android.dx.command.Main --dex --force-jumbo --num-threads=4 --multi-dex --output C:\Users\Anton\YandexDisk\Labs.Java\WiFiConnect\app\build\intermediates\transforms\dex\debug\folders\1000\10\com.android.support-recyclerview-v7-23.4.0_d851b109efdad159dc73e70b91b3779c5734e80b C:\Users\Anton\YandexDisk\Labs.Java\WiFiConnect\app\build\intermediates\exploded-aar\com.android.support\recyclerview-v7\23.4.0\jars\classes.jar
Launcher Type: SUN_STANDARD

Environment Variables:
PATH=C:\Program Files (x86)\Intel\iCLS Client\;C:\Program Files\Intel\iCLS Client\;C:\Windows\system32;C:\Windows;C:\Windows\System32\Wbem;C:\Windows\System32\WindowsPowerShell\v1.0\;C:\Program Files (x86)\Intel\Intel(R) Management Engine Components\DAL;C:\Program Files\Intel\Intel(R) Management Engine Components\DAL;C:\Program Files (x86)\Intel\Intel(R) Management Engine Components\IPT;C:\Program Files\Intel\Intel(R) Management Engine Components\IPT;C:\Program Files (x86)\NVIDIA Corporation\PhysX\Common;C:\Program Files (x86)\GtkSharp\2.12\bin;F:\Programs\OpenVPN\bin;C:\Program Files (x86)\Skype\Phone\;;C:\Program Files (x86)\Microsoft VS Code\bin
USERNAME=Anton
OS=Windows_NT
PROCESSOR_IDENTIFIER=Intel64 Family 6 Model 60 Stepping 3, GenuineIntel



---------------  S Y S T E M  ---------------

OS: Windows 8.1 , 64 bit Build 9600 

CPU:total 8 (4 cores per cpu, 2 threads per core) family 6 model 60 stepping 3, cmov, cx8, fxsr, mmx, sse, sse2, sse3, ssse3, sse4.1, sse4.2, popcnt, avx, avx2, aes, erms, ht, tsc, tscinvbit

Memory: 4k page, physical 8314220k(345600k free), swap 12225900k(3668k free)

vm_info: Java HotSpot(TM) 64-Bit Server VM (24.79-b02) for windows-amd64 JRE (1.7.0_79-b15), built on Apr 10 2015 12:36:16 by "java_re" with unknown MS VC++:1600

time: Fri Jun 03 01:00:44 2016
elapsed time: 0 seconds

