#
# There is insufficient memory for the Java Runtime Environment to continue.
# Native memory allocation (malloc) failed to allocate 266240 bytes for Chunk::new
# Possible reasons:
#   The system is out of physical RAM or swap space
#   In 32 bit mode, the process size limit was hit
# Possible solutions:
#   Reduce memory load on the system
#   Increase physical memory or swap space
#   Check if swap backing store is full
#   Use 64 bit Java on a 64 bit OS
#   Decrease Java heap size (-Xmx/-Xms)
#   Decrease number of Java threads
#   Decrease Java thread stack sizes (-Xss)
#   Set larger code cache with -XX:ReservedCodeCacheSize=
# This output file may be truncated or incomplete.
#
#  Out of Memory Error (allocation.cpp:323), pid=72188, tid=74108
#
# JRE version: Java(TM) SE Runtime Environment (7.0_79-b15) (build 1.7.0_79-b15)
# Java VM: Java HotSpot(TM) 64-Bit Server VM (24.79-b02 mixed mode windows-amd64 compressed oops)
# Failed to write core dump. Minidumps are not enabled by default on client versions of Windows
#

---------------  T H R E A D  ---------------

Current thread (0x00000000022bd000):  JavaThread "C2 CompilerThread0" daemon [_thread_in_native, id=74108, stack(0x000000000aba0000,0x000000000aca0000)]

Stack: [0x000000000aba0000,0x000000000aca0000]

Current CompileTask:
C2:   5067  285   !         com.android.dx.cf.code.BytecodeArray::parseInstruction (2764 bytes)


---------------  P R O C E S S  ---------------

Java Threads: ( => current thread )
  0x000000000a897000 JavaThread "pool-2-thread-4" [_thread_in_Java, id=74500, stack(0x000000000b3a0000,0x000000000b4a0000)]
  0x000000000a894800 JavaThread "pool-2-thread-3" [_thread_blocked, id=72504, stack(0x000000000b2a0000,0x000000000b3a0000)]
  0x000000000a893800 JavaThread "pool-2-thread-2" [_thread_in_vm, id=70884, stack(0x000000000b1a0000,0x000000000b2a0000)]
  0x000000000a78d800 JavaThread "pool-3-thread-1" [_thread_blocked, id=72696, stack(0x000000000b0a0000,0x000000000b1a0000)]
  0x000000000a7a5800 JavaThread "pool-2-thread-1" [_thread_in_Java, id=72392, stack(0x000000000afa0000,0x000000000b0a0000)]
  0x00000000022c2000 JavaThread "Service Thread" daemon [_thread_blocked, id=75132, stack(0x000000000ada0000,0x000000000aea0000)]
  0x00000000022bf000 JavaThread "C2 CompilerThread1" daemon [_thread_in_native, id=74308, stack(0x000000000aca0000,0x000000000ada0000)]
=>0x00000000022bd000 JavaThread "C2 CompilerThread0" daemon [_thread_in_native, id=74108, stack(0x000000000aba0000,0x000000000aca0000)]
  0x00000000022bc000 JavaThread "Attach Listener" daemon [_thread_blocked, id=72668, stack(0x000000000aaa0000,0x000000000aba0000)]
  0x00000000022b7000 JavaThread "Signal Dispatcher" daemon [_thread_blocked, id=59396, stack(0x000000000a9a0000,0x000000000aaa0000)]
  0x00000000085ca800 JavaThread "Finalizer" daemon [_thread_blocked, id=63400, stack(0x000000000a4a0000,0x000000000a5a0000)]
  0x00000000085c9800 JavaThread "Reference Handler" daemon [_thread_blocked, id=62492, stack(0x000000000a3a0000,0x000000000a4a0000)]
  0x00000000021d1000 JavaThread "main" [_thread_in_Java, id=73192, stack(0x0000000001f10000,0x0000000002010000)]

Other Threads:
  0x00000000085c4800 VMThread [stack: 0x000000000a2a0000,0x000000000a3a0000] [id=75264]
  0x00000000022ce000 WatcherThread [stack: 0x000000000aea0000,0x000000000afa0000] [id=65676]

VM state:not at safepoint (normal execution)

VM Mutex/Monitor currently owned by a thread: None

Heap
 PSYoungGen      total 38400K, used 14172K [0x00000000eaa80000, 0x00000000ed500000, 0x0000000100000000)
  eden space 33280K, 27% used [0x00000000eaa80000,0x00000000eb35c6c8,0x00000000ecb00000)
  from space 5120K, 99% used [0x00000000ed000000,0x00000000ed4fabf0,0x00000000ed500000)
  to   space 5120K, 0% used [0x00000000ecb00000,0x00000000ecb00000,0x00000000ed000000)
 ParOldGen       total 86528K, used 3952K [0x00000000c0000000, 0x00000000c5480000, 0x00000000eaa80000)
  object space 86528K, 4% used [0x00000000c0000000,0x00000000c03dc248,0x00000000c5480000)
 PSPermGen       total 21504K, used 5924K [0x00000000bae00000, 0x00000000bc300000, 0x00000000c0000000)
  object space 21504K, 27% used [0x00000000bae00000,0x00000000bb3c9100,0x00000000bc300000)

Card table byte_map: [0x0000000005390000,0x00000000055c0000] byte_map_base: 0x0000000004db9000

Polling page: 0x00000000007a0000

Code Cache  [0x00000000022d0000, 0x0000000002540000, 0x00000000052d0000)
 total_blobs=528 nmethods=291 adapters=189 free_code_cache=48004Kb largest_free_block=49125632

Compilation events (10 events):
Event: 5.019 Thread 0x00000000022bf000 nmethod 287 0x00000000023dc950 code [0x00000000023dcb00, 0x00000000023dd160]
Event: 5.019 Thread 0x00000000022bf000  288             java.lang.StringBuilder::append (8 bytes)
Event: 5.024 Thread 0x00000000022bf000 nmethod 288 0x00000000023d15d0 code [0x00000000023d1720, 0x00000000023d1ab8]
Event: 5.024 Thread 0x00000000022bf000  289             com.android.dx.cf.code.LocalVariableList::pcAndIndexToLocal (51 bytes)
Event: 5.027 Thread 0x00000000022bf000 nmethod 289 0x00000000023ec6d0 code [0x00000000023ec820, 0x00000000023eca18]
Event: 5.027 Thread 0x00000000022bf000  290             com.android.dx.cf.code.LocalVariableList$Item::matchesPcAndIndex (35 bytes)
Event: 5.027 Thread 0x00000000022bf000 nmethod 290 0x00000000023ea990 code [0x00000000023eaac0, 0x00000000023eab38]
Event: 5.027 Thread 0x00000000022bf000  291             com.android.dx.cf.iface.StdAttributeList::findFirst (44 bytes)
Event: 5.030 Thread 0x00000000022bf000 nmethod 291 0x00000000023d9d10 code [0x00000000023d9e60, 0x00000000023da0f8]
Event: 5.030 Thread 0x00000000022bf000  292             com.android.dx.dex.code.RopTranslator::pickOrder (400 bytes)

GC Heap History (4 events):
Event: 3.726 GC heap before
{Heap before GC invocations=1 (full 0):
 PSYoungGen      total 38400K, used 33280K [0x00000000eaa80000, 0x00000000ed500000, 0x0000000100000000)
  eden space 33280K, 100% used [0x00000000eaa80000,0x00000000ecb00000,0x00000000ecb00000)
  from space 5120K, 0% used [0x00000000ed000000,0x00000000ed000000,0x00000000ed500000)
  to   space 5120K, 0% used [0x00000000ecb00000,0x00000000ecb00000,0x00000000ed000000)
 ParOldGen       total 86528K, used 0K [0x00000000c0000000, 0x00000000c5480000, 0x00000000eaa80000)
  object space 86528K, 0% used [0x00000000c0000000,0x00000000c0000000,0x00000000c5480000)
 PSPermGen       total 21504K, used 5731K [0x00000000bae00000, 0x00000000bc300000, 0x00000000c0000000)
  object space 21504K, 26% used [0x00000000bae00000,0x00000000bb398ff0,0x00000000bc300000)
Event: 3.949 GC heap after
Heap after GC invocations=1 (full 0):
 PSYoungGen      total 38400K, used 5106K [0x00000000eaa80000, 0x00000000ed500000, 0x0000000100000000)
  eden space 33280K, 0% used [0x00000000eaa80000,0x00000000eaa80000,0x00000000ecb00000)
  from space 5120K, 99% used [0x00000000ecb00000,0x00000000ecffc9d0,0x00000000ed000000)
  to   space 5120K, 0% used [0x00000000ed000000,0x00000000ed000000,0x00000000ed500000)
 ParOldGen       total 86528K, used 8K [0x00000000c0000000, 0x00000000c5480000, 0x00000000eaa80000)
  object space 86528K, 0% used [0x00000000c0000000,0x00000000c0002000,0x00000000c5480000)
 PSPermGen       total 21504K, used 5731K [0x00000000bae00000, 0x00000000bc300000, 0x00000000c0000000)
  object space 21504K, 26% used [0x00000000bae00000,0x00000000bb398ff0,0x00000000bc300000)
}
Event: 4.842 GC heap before
{Heap before GC invocations=2 (full 0):
 PSYoungGen      total 38400K, used 38386K [0x00000000eaa80000, 0x00000000ed500000, 0x0000000100000000)
  eden space 33280K, 100% used [0x00000000eaa80000,0x00000000ecb00000,0x00000000ecb00000)
  from space 5120K, 99% used [0x00000000ecb00000,0x00000000ecffc9d0,0x00000000ed000000)
  to   space 5120K, 0% used [0x00000000ed000000,0x00000000ed000000,0x00000000ed500000)
 ParOldGen       total 86528K, used 8K [0x00000000c0000000, 0x00000000c5480000, 0x00000000eaa80000)
  object space 86528K, 0% used [0x00000000c0000000,0x00000000c0002000,0x00000000c5480000)
 PSPermGen       total 21504K, used 5910K [0x00000000bae00000, 0x00000000bc300000, 0x00000000c0000000)
  object space 21504K, 27% used [0x00000000bae00000,0x00000000bb3c58c8,0x00000000bc300000)
Event: 4.865 GC heap after
Heap after GC invocations=2 (full 0):
 PSYoungGen      total 38400K, used 5098K [0x00000000eaa80000, 0x00000000ed500000, 0x0000000100000000)
  eden space 33280K, 0% used [0x00000000eaa80000,0x00000000eaa80000,0x00000000ecb00000)
  from space 5120K, 99% used [0x00000000ed000000,0x00000000ed4fabf0,0x00000000ed500000)
  to   space 5120K, 0% used [0x00000000ecb00000,0x00000000ecb00000,0x00000000ed000000)
 ParOldGen       total 86528K, used 3952K [0x00000000c0000000, 0x00000000c5480000, 0x00000000eaa80000)
  object space 86528K, 4% used [0x00000000c0000000,0x00000000c03dc248,0x00000000c5480000)
 PSPermGen       total 21504K, used 5910K [0x00000000bae00000, 0x00000000bc300000, 0x00000000c0000000)
  object space 21504K, 27% used [0x00000000bae00000,0x00000000bb3c58c8,0x00000000bc300000)
}

Deoptimization events (10 events):
Event: 3.989 Thread 0x00000000021d1000 Uncommon trap: reason=null_check action=make_not_entrant pc=0x00000000023785ac method=com.android.dx.rop.type.Type.putIntern(Lcom/android/dx/rop/type/Type;)Lcom/android/dx/rop/type/Type; @ 18
Event: 4.213 Thread 0x000000000a7a5800 Uncommon trap: reason=null_check action=make_not_entrant pc=0x0000000002387584 method=com.android.dx.rop.code.RegisterSpec.equals(Ljava/lang/Object;)Z @ 1
Event: 4.229 Thread 0x000000000a7a5800 Uncommon trap: reason=class_check action=maybe_recompile pc=0x0000000002359bc8 method=com.android.dx.rop.type.Type.equals(Ljava/lang/Object;)Z @ 8
Event: 4.229 Thread 0x000000000a7a5800 Uncommon trap: reason=class_check action=maybe_recompile pc=0x0000000002359bc8 method=com.android.dx.rop.type.Type.equals(Ljava/lang/Object;)Z @ 8
Event: 4.229 Thread 0x000000000a7a5800 Uncommon trap: reason=class_check action=maybe_recompile pc=0x0000000002359bc8 method=com.android.dx.rop.type.Type.equals(Ljava/lang/Object;)Z @ 8
Event: 4.248 Thread 0x000000000a7a5800 Uncommon trap: reason=class_check action=maybe_recompile pc=0x0000000002359bc8 method=com.android.dx.rop.type.Type.equals(Ljava/lang/Object;)Z @ 8
Event: 4.524 Thread 0x00000000021d1000 Uncommon trap: reason=unreached action=reinterpret pc=0x00000000023590c4 method=com.android.dx.rop.cst.Constant.compareTo(Lcom/android/dx/rop/cst/Constant;)I @ 12
Event: 4.579 Thread 0x00000000021d1000 Uncommon trap: reason=unreached action=reinterpret pc=0x00000000023ab4f4 method=com.android.dx.ssa.LocalVariableExtractor.processBlock(I)V @ 251
Event: 4.908 Thread 0x000000000a893800 Uncommon trap: reason=null_check action=make_not_entrant pc=0x000000000236cb50 method=com.android.dx.ssa.SsaRenamer.getLocalForNewReg(I)Lcom/android/dx/rop/code/LocalItem; @ 19
Event: 5.058 Thread 0x00000000021d1000 Uncommon trap: reason=unreached action=reinterpret pc=0x000000000239a10c method=com.android.dx.ssa.SsaRenamer$BlockRenamer.process()V @ 90

Internal exceptions (10 events):
Event: 3.378 Thread 0x00000000021d1000 Threw 0x00000000ec07eea0 at C:\re\jdk7u79\2331\hotspot\src\share\vm\prims\jvm.cpp:1304
Event: 3.394 Thread 0x00000000021d1000 Threw 0x00000000ec160938 at C:\re\jdk7u79\2331\hotspot\src\share\vm\prims\jvm.cpp:1304
Event: 3.395 Thread 0x00000000021d1000 Threw 0x00000000ec162ba0 at C:\re\jdk7u79\2331\hotspot\src\share\vm\prims\jvm.cpp:1304
Event: 3.415 Thread 0x000000000a893800 Threw 0x00000000ec3764d8 at C:\re\jdk7u79\2331\hotspot\src\share\vm\prims\jvm.cpp:1304
Event: 3.507 Thread 0x000000000a893800 Implicit null exception at 0x000000000235401f to 0x0000000002354405
Event: 3.623 Thread 0x000000000a893800 Threw 0x00000000ec6da548 at C:\re\jdk7u79\2331\hotspot\src\share\vm\prims\jvm.cpp:1304
Event: 3.989 Thread 0x00000000021d1000 Implicit null exception at 0x0000000002377ebb to 0x000000000237859d
Event: 4.213 Thread 0x000000000a7a5800 Implicit null exception at 0x000000000238651a to 0x0000000002387555
Event: 4.222 Thread 0x000000000a7a5800 Threw 0x00000000eb01f480 at C:\re\jdk7u79\2331\hotspot\src\share\vm\prims\jvm.cpp:1304
Event: 4.907 Thread 0x000000000a893800 Implicit null exception at 0x000000000236b5de to 0x000000000236cb25

Events (10 events):
Event: 4.835 Executing VM operation: EnableBiasedLocking
Event: 4.840 Executing VM operation: EnableBiasedLocking done
Event: 4.842 Executing VM operation: ParallelGCFailedAllocation
Event: 4.865 Executing VM operation: ParallelGCFailedAllocation done
Event: 4.907 Thread 0x000000000a893800 Uncommon trap: trap_request=0xfffffff4 fr.pc=0x000000000236cb50
Event: 4.908 Thread 0x000000000a893800 DEOPT PACKING pc=0x000000000236cb50 sp=0x000000000b29ecc0
Event: 4.908 Thread 0x000000000a893800 DEOPT UNPACKING pc=0x00000000023075a4 sp=0x000000000b29eaf8 mode 2
Event: 5.058 Thread 0x00000000021d1000 Uncommon trap: trap_request=0xffffffad fr.pc=0x000000000239a10c
Event: 5.058 Thread 0x00000000021d1000 DEOPT PACKING pc=0x000000000239a10c sp=0x000000000200e5e0
Event: 5.058 Thread 0x00000000021d1000 DEOPT UNPACKING pc=0x00000000023075a4 sp=0x000000000200e590 mode 2


Dynamic libraries:
0x00007ff79a870000 - 0x00007ff79a8a3000 	C:\Program Files\Java\jdk1.7.0_79\bin\java.exe
0x00007ffebb9b0000 - 0x00007ffebbb71000 	C:\Windows\SYSTEM32\ntdll.dll
0x00007ffebb610000 - 0x00007ffebb6bd000 	C:\Windows\system32\KERNEL32.DLL
0x00007ffeb8a60000 - 0x00007ffeb8c48000 	C:\Windows\system32\KERNELBASE.dll
0x00007ffebb560000 - 0x00007ffebb607000 	C:\Windows\system32\ADVAPI32.dll
0x00007ffebb410000 - 0x00007ffebb4ad000 	C:\Windows\system32\msvcrt.dll
0x00007ffebb1a0000 - 0x00007ffebb1fb000 	C:\Windows\system32\sechost.dll
0x00007ffeb8db0000 - 0x00007ffeb8ecc000 	C:\Windows\system32\RPCRT4.dll
0x00007ffebb2b0000 - 0x00007ffebb406000 	C:\Windows\system32\USER32.dll
0x00007ffeb90e0000 - 0x00007ffeb9266000 	C:\Windows\system32\GDI32.dll
0x00007ffeb4ab0000 - 0x00007ffeb4d24000 	C:\Windows\WinSxS\amd64_microsoft.windows.common-controls_6595b64144ccf1df_6.0.10586.0_none_8c15ae12515e1c22\COMCTL32.dll
0x00007ffebb6d0000 - 0x00007ffebb94d000 	C:\Windows\system32\combase.dll
0x00007ffeb8120000 - 0x00007ffeb818a000 	C:\Windows\system32\bcryptPrimitives.dll
0x00007ffebb270000 - 0x00007ffebb2ab000 	C:\Windows\system32\IMM32.DLL
0x000000005ce70000 - 0x000000005cf42000 	C:\Program Files\Java\jdk1.7.0_79\jre\bin\msvcr100.dll
0x000000005d420000 - 0x000000005dbf5000 	C:\Program Files\Java\jdk1.7.0_79\jre\bin\server\jvm.dll
0x00007ffebb6c0000 - 0x00007ffebb6c8000 	C:\Windows\system32\PSAPI.DLL
0x00007ffeb3420000 - 0x00007ffeb3429000 	C:\Windows\SYSTEM32\WSOCK32.dll
0x00007ffebad10000 - 0x00007ffebad7b000 	C:\Windows\system32\WS2_32.dll
0x00007ffeb61c0000 - 0x00007ffeb61e3000 	C:\Windows\SYSTEM32\WINMM.dll
0x00007ffeb6160000 - 0x00007ffeb618c000 	C:\Windows\SYSTEM32\WINMMBASE.dll
0x00007ffeb8d00000 - 0x00007ffeb8d43000 	C:\Windows\system32\cfgmgr32.dll
0x000000005d330000 - 0x000000005d33f000 	C:\Program Files\Java\jdk1.7.0_79\jre\bin\verify.dll
0x000000005d300000 - 0x000000005d328000 	C:\Program Files\Java\jdk1.7.0_79\jre\bin\java.dll
0x000000005d2e0000 - 0x000000005d2f5000 	C:\Program Files\Java\jdk1.7.0_79\jre\bin\zip.dll
0x000000005d2c0000 - 0x000000005d2da000 	C:\Program Files\Java\jdk1.7.0_79\jre\bin\net.dll
0x00007ffeb7900000 - 0x00007ffeb795c000 	C:\Windows\system32\mswsock.dll
0x000000005d2a0000 - 0x000000005d2b1000 	C:\Program Files\Java\jdk1.7.0_79\jre\bin\nio.dll

VM Arguments:
jvm_args: -Djava.awt.headless=true -Xmx1024M -Dfile.encoding=windows-1251 -Duser.country=RU -Duser.language=ru -Duser.variant 
java_command: com.android.dx.command.Main --dex --force-jumbo --num-threads=4 --multi-dex --output C:\Users\Anton\YandexDisk\Labs.Java\WiFiConnect\app\build\intermediates\transforms\dex\debug\folders\1000\10\com.android.support-support-v4-23.4.0_b6e5f976c9c34c728773b26d5189bbc677de7c68 C:\Users\Anton\YandexDisk\Labs.Java\WiFiConnect\app\build\intermediates\exploded-aar\com.android.support\support-v4\23.4.0\jars\classes.jar
Launcher Type: SUN_STANDARD

Environment Variables:
PATH=C:\Program Files (x86)\Intel\iCLS Client\;C:\Program Files\Intel\iCLS Client\;C:\Windows\system32;C:\Windows;C:\Windows\System32\Wbem;C:\Windows\System32\WindowsPowerShell\v1.0\;C:\Program Files (x86)\Intel\Intel(R) Management Engine Components\DAL;C:\Program Files\Intel\Intel(R) Management Engine Components\DAL;C:\Program Files (x86)\Intel\Intel(R) Management Engine Components\IPT;C:\Program Files\Intel\Intel(R) Management Engine Components\IPT;C:\Program Files (x86)\NVIDIA Corporation\PhysX\Common;C:\Program Files (x86)\GtkSharp\2.12\bin;F:\Programs\OpenVPN\bin;C:\Program Files (x86)\Skype\Phone\;;C:\Program Files (x86)\Microsoft VS Code\bin
USERNAME=Anton
OS=Windows_NT
PROCESSOR_IDENTIFIER=Intel64 Family 6 Model 60 Stepping 3, GenuineIntel



---------------  S Y S T E M  ---------------

OS: Windows 8.1 , 64 bit Build 9600 

CPU:total 8 (4 cores per cpu, 2 threads per core) family 6 model 60 stepping 3, cmov, cx8, fxsr, mmx, sse, sse2, sse3, ssse3, sse4.1, sse4.2, popcnt, avx, avx2, aes, erms, ht, tsc, tscinvbit

Memory: 4k page, physical 8314220k(886224k free), swap 12225900k(5372k free)

vm_info: Java HotSpot(TM) 64-Bit Server VM (24.79-b02) for windows-amd64 JRE (1.7.0_79-b15), built on Apr 10 2015 12:36:16 by "java_re" with unknown MS VC++:1600

time: Fri Jun 03 00:06:36 2016
elapsed time: 5 seconds

